2025-04-21 22:29:52,396 [INFO] Launching AutoVirtualFisher...
2025-04-21 22:29:54,697 [INFO] Waiting for manual login...
2025-04-21 22:30:05,361 [INFO] Looking for message input box...
2025-04-21 22:30:05,383 [INFO] Found message input box!
2025-04-21 22:30:05,441 [INFO] Press CTRL+ALT+P at any time to pause/resume the loop.
2025-04-21 22:30:05,441 [INFO] Starting fishing loop.
2025-04-21 22:30:06,082 [INFO] Sent /fish
2025-04-21 22:30:09,820 [INFO] Sent /fish
2025-04-21 22:30:13,577 [INFO] Sent /fish
2025-04-21 22:30:17,338 [INFO] Sent /fish
2025-04-21 22:30:21,095 [INFO] Sent /fish
2025-04-21 22:30:24,822 [INFO] Sent /fish
2025-04-21 22:30:28,578 [INFO] Sent /fish
2025-04-21 22:30:32,293 [INFO] Sent /fish
2025-04-21 22:30:36,191 [INFO] Sent /fish
2025-04-21 22:30:40,128 [INFO] Sent /fish
2025-04-21 22:30:44,109 [INFO] Sent /fish
2025-04-21 22:30:48,159 [INFO] Sent /fish
2025-04-21 22:30:52,062 [INFO] Sent /fish
2025-04-21 22:30:56,096 [INFO] Sent /fish
2025-04-21 22:31:00,160 [INFO] Sent /fish
2025-04-21 22:31:04,241 [INFO] Sent /fish
2025-04-21 22:31:08,164 [INFO] Sent /fish
2025-04-21 22:31:11,969 [INFO] Sent /fish
2025-04-21 22:31:15,996 [INFO] Sent /fish
2025-04-21 22:31:20,001 [INFO] Sent /fish
2025-04-21 22:31:24,090 [INFO] Sent /fish
2025-04-21 22:31:27,992 [INFO] Sent /fish
2025-04-21 22:31:31,924 [INFO] Sent /fish
2025-04-21 22:31:35,831 [INFO] Sent /fish
2025-04-21 22:31:39,821 [INFO] Sent /fish
2025-04-21 22:31:43,651 [INFO] Sent /fish
2025-04-21 22:31:47,617 [INFO] Sent /fish
2025-04-21 22:31:51,639 [INFO] Sent /fish
2025-04-21 22:31:55,653 [INFO] Sent /fish
2025-04-21 22:31:59,568 [INFO] Sent /fish
2025-04-21 22:32:03,584 [INFO] Sent /fish
2025-04-21 22:32:07,412 [INFO] Sent /fish
2025-04-21 22:32:11,372 [INFO] Sent /fish
2025-04-21 22:32:15,300 [INFO] Sent /fish
2025-04-21 22:32:19,379 [INFO] Sent /fish
2025-04-21 22:32:23,331 [INFO] Sent /fish
2025-04-21 22:32:27,230 [INFO] Sent /fish
2025-04-21 22:32:31,208 [INFO] Sent /fish
2025-04-21 22:32:35,148 [INFO] Sent /fish
2025-04-21 22:32:39,018 [INFO] Sent /fish
2025-04-21 22:32:43,164 [INFO] Sent /fish
2025-04-21 22:32:47,100 [INFO] Sent /fish
2025-04-21 22:32:51,008 [INFO] Sent /fish
2025-04-21 22:32:55,017 [INFO] Sent /fish
2025-04-21 22:32:58,971 [INFO] Sent /fish
2025-04-21 22:33:02,968 [INFO] Sent /fish
2025-04-21 22:33:07,117 [INFO] Sent /fish
2025-04-21 22:33:11,105 [INFO] Sent /fish
2025-04-21 22:33:15,201 [INFO] Sent /fish
2025-04-21 22:33:19,442 [INFO] Sent /fish
2025-04-21 22:33:23,505 [INFO] Sent /fish
2025-04-21 22:33:27,386 [INFO] Sent /fish
2025-04-21 22:33:31,502 [INFO] Sent /fish
2025-04-21 22:33:35,395 [INFO] Sent /fish
2025-04-21 22:33:39,377 [INFO] Sent /fish
2025-04-21 22:33:43,371 [INFO] Sent /fish
2025-04-21 22:33:47,430 [INFO] Sent /fish
2025-04-21 22:33:51,707 [INFO] Sent /fish
2025-04-21 22:33:55,706 [INFO] Sent /fish
2025-04-21 22:33:59,780 [INFO] Sent /fish
2025-04-21 22:34:03,727 [INFO] Sent /fish
2025-04-21 22:34:07,643 [INFO] Sent /fish
2025-04-21 22:34:11,668 [INFO] Sent /fish
2025-04-21 22:34:15,587 [INFO] Sent /fish
2025-04-21 22:34:19,932 [INFO] Sent /fish
2025-04-21 22:34:23,918 [INFO] Sent /fish
2025-04-21 22:34:28,051 [INFO] Sent /fish
2025-04-21 22:34:31,988 [INFO] Sent /fish
2025-04-21 22:34:36,168 [INFO] Sent /fish
2025-04-21 22:34:40,141 [INFO] Sent /fish
2025-04-21 22:34:44,158 [INFO] Sent /fish
2025-04-21 22:34:49,031 [INFO] Sent /fish
2025-04-21 22:34:53,119 [INFO] Sent /fish
2025-04-21 22:34:57,111 [INFO] Sent /fish
2025-04-21 22:35:01,147 [INFO] Sent /fish
2025-04-21 22:35:05,344 [INFO] Sent /fish
2025-04-21 22:35:09,262 [INFO] Sent /fish
2025-04-21 22:35:13,279 [INFO] Sent /fish
2025-04-21 22:35:17,429 [INFO] Sent /fish
2025-04-21 22:35:21,445 [INFO] Sent /fish
2025-04-21 22:35:25,461 [INFO] Sent /fish
2025-04-21 22:35:29,526 [INFO] Sent /fish
2025-04-21 22:35:33,569 [INFO] Sent /fish
2025-04-21 22:35:37,523 [INFO] Sent /fish
2025-04-21 22:35:41,523 [INFO] Sent /fish
2025-04-21 22:35:45,505 [INFO] Sent /fish
2025-04-21 22:35:49,597 [INFO] Sent /fish
2025-04-21 22:35:53,654 [INFO] Sent /fish
2025-04-21 22:35:57,756 [INFO] Sent /fish
2025-04-21 22:36:01,719 [INFO] Sent /fish
2025-04-21 22:36:05,739 [INFO] Sent /fish
2025-04-21 22:36:09,751 [INFO] Sent /fish
2025-04-21 22:36:13,833 [INFO] Sent /fish
2025-04-21 22:36:17,817 [INFO] Sent /fish
2025-04-21 22:36:22,174 [INFO] Sent /fish
2025-04-21 22:36:26,212 [INFO] Sent /fish
2025-04-21 22:36:30,190 [INFO] Sent /fish
2025-04-21 22:36:34,419 [INFO] Sent /fish
2025-04-21 22:36:38,475 [INFO] Sent /fish
2025-04-21 22:36:42,651 [INFO] Sent /fish
2025-04-21 22:36:46,795 [INFO] Sent /fish
2025-04-21 22:36:50,775 [INFO] Sent /fish
2025-04-21 22:36:54,798 [INFO] Sent /fish
2025-04-21 22:36:58,920 [INFO] Sent /fish
2025-04-21 22:37:03,003 [INFO] Sent /fish
2025-04-21 22:37:07,036 [INFO] Sent /fish
2025-04-21 22:37:11,048 [INFO] Sent /fish
2025-04-21 22:37:14,984 [INFO] Sent /fish
2025-04-21 22:37:19,119 [INFO] Sent /fish
2025-04-21 22:37:23,195 [INFO] Sent /fish
2025-04-21 22:37:27,280 [INFO] Sent /fish
2025-04-21 22:37:31,247 [INFO] Sent /fish
2025-04-21 22:37:35,285 [INFO] Sent /fish
2025-04-21 22:37:39,220 [INFO] Sent /fish
2025-04-21 22:37:43,221 [INFO] Sent /fish
2025-04-21 22:37:47,201 [INFO] Sent /fish
2025-04-21 22:37:51,157 [INFO] Sent /fish
2025-04-21 22:37:55,587 [INFO] Sent /fish
2025-04-21 22:37:59,434 [INFO] Sent /fish
2025-04-21 22:38:03,439 [INFO] Sent /fish
2025-04-21 22:38:07,697 [INFO] Sent /fish
2025-04-21 22:38:11,694 [INFO] Sent /fish
2025-04-21 22:38:15,712 [INFO] Sent /fish
2025-04-21 22:38:19,759 [INFO] Sent /fish
2025-04-21 22:38:24,040 [INFO] Sent /fish
2025-04-21 22:38:28,121 [INFO] Sent /fish
2025-04-21 22:38:32,080 [INFO] Sent /fish
2025-04-21 22:38:36,141 [INFO] Sent /fish
2025-04-21 22:38:40,219 [INFO] Sent /fish
2025-04-21 22:38:44,210 [INFO] Sent /fish
2025-04-21 22:38:48,240 [INFO] Sent /fish
2025-04-21 22:38:52,153 [INFO] Sent /fish
2025-04-21 22:38:56,138 [INFO] Sent /fish
2025-04-21 22:39:00,078 [INFO] Sent /fish
2025-04-21 22:39:04,134 [INFO] Sent /fish
2025-04-21 22:39:08,259 [INFO] Sent /fish
2025-04-21 22:39:12,376 [INFO] Sent /fish
2025-04-21 22:39:16,436 [INFO] Sent /fish
2025-04-21 22:39:20,695 [INFO] Sent /fish
2025-04-21 22:39:24,667 [INFO] Sent /fish
2025-04-21 22:39:28,688 [INFO] Sent /fish
2025-04-21 22:39:32,700 [INFO] Sent /fish
2025-04-21 22:39:36,668 [INFO] Sent /fish
2025-04-21 22:39:40,725 [INFO] Sent /fish
2025-04-21 22:39:44,678 [INFO] Sent /fish
2025-04-21 22:39:48,703 [INFO] Sent /fish
2025-04-21 22:39:52,669 [INFO] Sent /fish
2025-04-21 22:39:56,896 [INFO] Sent /fish
2025-04-21 22:40:00,769 [INFO] Sent /fish
2025-04-21 22:40:04,927 [INFO] Sent /fish
2025-04-21 22:40:09,486 [INFO] Sent /fish
2025-04-21 22:40:13,940 [INFO] Sent /fish
2025-04-21 22:40:18,144 [INFO] Sent /fish
2025-04-21 22:40:22,118 [INFO] Sent /fish
2025-04-21 22:40:26,038 [INFO] Sent /fish
2025-04-21 22:40:29,928 [INFO] Sent /fish
2025-04-21 22:40:34,094 [INFO] Sent /fish
2025-04-21 22:40:38,282 [INFO] Sent /fish
2025-04-21 22:40:42,359 [INFO] Sent /fish
2025-04-21 22:40:46,709 [INFO] Sent /fish
2025-04-21 22:40:50,647 [INFO] Sent /fish
2025-04-21 22:40:54,674 [INFO] Sent /fish
2025-04-21 22:40:58,641 [INFO] Sent /fish
2025-04-21 22:41:02,834 [INFO] Sent /fish
2025-04-21 22:41:06,807 [INFO] Sent /fish
2025-04-21 22:41:10,810 [INFO] Sent /fish
2025-04-21 22:41:14,804 [INFO] Sent /fish
2025-04-21 22:41:18,791 [INFO] Sent /fish
2025-04-21 22:41:23,042 [INFO] Sent /fish
2025-04-21 22:41:27,086 [INFO] Sent /fish
2025-04-21 22:41:31,135 [INFO] Sent /fish
2025-04-21 22:41:35,120 [INFO] Sent /fish
2025-04-21 22:41:39,126 [INFO] Sent /fish
2025-04-21 22:41:43,100 [INFO] Sent /fish
2025-04-21 22:41:47,059 [INFO] Sent /fish
2025-04-21 22:41:50,982 [INFO] Sent /fish
2025-04-21 22:41:54,873 [INFO] Sent /fish
2025-04-21 22:41:58,816 [INFO] Sent /fish
2025-04-21 22:42:02,780 [INFO] Sent /fish
2025-04-21 22:42:06,800 [INFO] Sent /fish
2025-04-21 22:42:11,098 [INFO] Sent /fish
2025-04-21 22:42:15,053 [INFO] Sent /fish
2025-04-21 22:42:19,046 [INFO] Sent /fish
2025-04-21 22:42:23,024 [INFO] Sent /fish
2025-04-21 22:42:26,935 [INFO] Sent /fish
2025-04-21 22:42:30,877 [INFO] Sent /fish
2025-04-21 22:42:34,902 [INFO] Sent /fish
2025-04-21 22:42:38,749 [INFO] Sent /fish
2025-04-21 22:42:42,880 [INFO] Sent /fish
2025-04-21 22:42:46,847 [INFO] Sent /fish
2025-04-21 22:42:50,906 [INFO] Sent /fish
2025-04-21 22:42:54,887 [INFO] Sent /fish
2025-04-21 22:42:58,889 [INFO] Sent /fish
2025-04-21 22:43:02,887 [INFO] Sent /fish
2025-04-21 22:43:06,855 [INFO] Sent /fish
2025-04-21 22:43:10,754 [INFO] Sent /fish
2025-04-21 22:43:14,925 [INFO] Sent /fish
2025-04-21 22:43:19,063 [INFO] Sent /fish
2025-04-21 22:43:22,977 [INFO] Sent /fish
2025-04-21 22:43:27,074 [INFO] Sent /fish
2025-04-21 22:43:31,119 [INFO] Sent /fish
2025-04-21 22:43:35,201 [INFO] Sent /fish
2025-04-21 22:43:39,253 [INFO] Sent /fish
2025-04-21 22:43:43,157 [INFO] Sent /fish
2025-04-21 22:43:47,268 [INFO] Sent /fish
2025-04-21 22:43:51,253 [INFO] Sent /fish
2025-04-21 22:43:55,382 [INFO] Sent /fish
2025-04-21 22:43:59,380 [INFO] Sent /fish
2025-04-21 22:44:03,561 [INFO] Sent /fish
2025-04-21 22:44:07,448 [INFO] Sent /fish
2025-04-21 22:44:11,493 [INFO] Sent /fish
2025-04-21 22:44:15,359 [INFO] Sent /fish
2025-04-21 22:44:19,372 [INFO] Sent /fish
2025-04-21 22:44:23,311 [INFO] Sent /fish
2025-04-21 22:44:27,254 [INFO] Sent /fish
2025-04-21 22:44:31,212 [INFO] Sent /fish
2025-04-21 22:44:35,308 [INFO] Sent /fish
2025-04-21 22:44:39,261 [INFO] Sent /fish
2025-04-21 22:44:43,296 [INFO] Sent /fish
2025-04-21 22:44:47,479 [INFO] Sent /fish
2025-04-21 22:44:51,431 [INFO] Sent /fish
2025-04-21 22:44:55,518 [INFO] Sent /fish
2025-04-21 22:44:59,616 [INFO] Sent /fish
2025-04-21 22:45:03,609 [INFO] Sent /fish
2025-04-21 22:45:07,663 [INFO] Sent /fish
2025-04-21 22:45:11,552 [INFO] Sent /fish
2025-04-21 22:45:15,514 [INFO] Sent /fish
2025-04-21 22:45:19,420 [INFO] Sent /fish
2025-04-21 22:45:23,576 [INFO] Sent /fish
2025-04-21 22:45:27,615 [INFO] Sent /fish
2025-04-21 22:45:31,561 [INFO] Sent /fish
2025-04-21 22:45:35,590 [INFO] Sent /fish
2025-04-21 22:45:39,420 [INFO] Sent /fish
2025-04-21 22:45:43,427 [INFO] Sent /fish
2025-04-21 22:45:47,581 [INFO] Sent /fish
2025-04-21 22:45:51,597 [INFO] Sent /fish
2025-04-21 22:45:55,752 [INFO] Sent /fish
2025-04-21 22:45:57,007 [INFO] Paused the fishing loop.
2025-04-21 22:45:59,003 [INFO] Bot is paused. Waiting... Press Ctrl+Alt+P to resume.
2025-04-21 22:48:06,373 [INFO] Resumed the fishing loop.
2025-04-21 22:48:08,253 [INFO] Sent /fish
2025-04-21 22:48:12,240 [INFO] Sent /fish
2025-04-21 22:48:16,189 [INFO] Sent /fish
2025-04-21 22:48:20,078 [INFO] Sent /fish
2025-04-21 22:48:23,989 [INFO] Sent /fish
2025-04-21 22:48:27,979 [INFO] Sent /fish
2025-04-21 22:48:31,921 [INFO] Sent /fish
2025-04-21 22:48:35,914 [INFO] Sent /fish
2025-04-21 22:48:39,944 [INFO] Sent /fish
2025-04-21 22:48:43,937 [INFO] Sent /fish
2025-04-21 22:48:47,972 [INFO] Sent /fish
2025-04-21 22:48:51,921 [INFO] Sent /fish
2025-04-21 22:48:55,847 [INFO] Sent /fish
2025-04-21 22:48:59,781 [INFO] Sent /fish
2025-04-21 22:49:03,707 [INFO] Sent /fish
2025-04-21 22:49:07,681 [INFO] Sent /fish
2025-04-21 22:49:11,623 [INFO] Sent /fish
2025-04-21 22:49:15,653 [INFO] Sent /fish
2025-04-21 22:49:19,720 [INFO] Sent /fish
2025-04-21 22:49:24,032 [INFO] Sent /fish
2025-04-21 22:49:27,873 [INFO] Sent /fish
2025-04-21 22:49:31,898 [INFO] Sent /fish
2025-04-21 22:49:36,104 [INFO] Sent /fish
2025-04-21 22:49:39,997 [INFO] Sent /fish
2025-04-21 22:49:43,936 [INFO] Sent /fish
2025-04-21 22:49:47,771 [INFO] Sent /fish
2025-04-21 22:49:51,859 [INFO] Sent /fish
2025-04-21 22:49:55,805 [INFO] Sent /fish
2025-04-21 22:49:59,768 [INFO] Sent /fish
2025-04-21 22:50:03,780 [INFO] Sent /fish
2025-04-21 22:50:07,707 [INFO] Sent /fish
2025-04-21 22:50:11,786 [INFO] Sent /fish
2025-04-21 22:50:15,702 [INFO] Sent /fish
2025-04-21 22:50:19,720 [INFO] Sent /fish
2025-04-21 22:50:23,568 [INFO] Sent /fish
2025-04-21 22:50:24,308 [INFO] Paused the fishing loop.
2025-04-21 22:50:26,820 [INFO] Bot is paused. Waiting... Press Ctrl+Alt+P to resume.
2025-04-21 22:50:45,005 [INFO] Resumed the fishing loop.
2025-04-21 22:50:47,017 [INFO] Sent /fish
2025-04-21 22:50:51,298 [INFO] Sent /fish
2025-04-21 22:50:55,808 [INFO] Sent /fish
2025-04-21 22:50:59,886 [INFO] Sent /fish
2025-04-21 22:51:04,763 [INFO] Sent /fish
2025-04-21 22:51:09,241 [INFO] Sent /fish
2025-04-21 22:51:13,522 [INFO] Sent /fish
2025-04-21 22:51:17,998 [INFO] Sent /fish
2025-04-21 22:51:22,183 [INFO] Sent /fish
2025-04-21 22:51:26,366 [INFO] Sent /fish
2025-04-21 22:51:30,582 [INFO] Sent /fish
2025-04-21 22:51:34,963 [INFO] Sent /fish
2025-04-21 22:51:39,454 [INFO] Sent /fish
2025-04-21 22:51:43,763 [INFO] Sent /fish
2025-04-21 22:51:48,023 [INFO] Sent /fish
2025-04-21 22:51:52,248 [INFO] Sent /fish
2025-04-21 22:51:56,513 [INFO] Sent /fish
2025-04-21 22:52:01,023 [INFO] Sent /fish
2025-04-21 22:52:05,214 [INFO] Sent /fish
2025-04-21 22:52:09,487 [INFO] Sent /fish
2025-04-21 22:52:14,159 [INFO] Sent /fish
2025-04-21 22:52:18,402 [INFO] Sent /fish
2025-04-21 22:52:22,888 [INFO] Sent /fish
2025-04-21 22:52:27,049 [INFO] Sent /fish
2025-04-21 22:52:31,225 [INFO] Sent /fish
2025-04-21 22:52:35,435 [INFO] Sent /fish
2025-04-21 22:52:39,783 [INFO] Sent /fish
2025-04-21 22:52:44,020 [INFO] Sent /fish
2025-04-21 22:52:48,346 [INFO] Sent /fish
2025-04-21 22:52:52,912 [INFO] Sent /fish
2025-04-21 22:52:57,239 [INFO] Sent /fish
2025-04-21 22:53:01,713 [INFO] Sent /fish
2025-04-21 22:53:05,964 [INFO] Sent /fish
2025-04-21 22:53:10,152 [INFO] Sent /fish
2025-04-21 22:53:14,443 [INFO] Sent /fish
2025-04-21 22:53:18,819 [INFO] Sent /fish
2025-04-21 22:53:23,103 [INFO] Sent /fish
2025-04-21 22:53:27,424 [INFO] Sent /fish
2025-04-21 22:53:31,643 [INFO] Sent /fish
2025-04-21 22:53:35,895 [INFO] Sent /fish
2025-04-21 22:53:40,165 [INFO] Sent /fish
2025-04-21 22:53:44,338 [INFO] Sent /fish
2025-04-21 22:53:48,551 [INFO] Sent /fish
2025-04-21 22:53:52,807 [INFO] Sent /fish
2025-04-21 22:53:57,092 [INFO] Sent /fish
2025-04-21 22:54:01,426 [INFO] Sent /fish
2025-04-21 22:54:05,658 [INFO] Sent /fish
2025-04-21 22:54:09,943 [INFO] Sent /fish
2025-04-21 22:54:14,208 [INFO] Sent /fish
2025-04-21 22:54:18,399 [INFO] Sent /fish
2025-04-21 22:54:22,657 [INFO] Sent /fish
2025-04-21 22:54:26,974 [INFO] Sent /fish
2025-04-21 22:54:31,224 [INFO] Sent /fish
2025-04-21 22:54:35,475 [INFO] Sent /fish
2025-04-21 22:54:39,890 [INFO] Sent /fish
2025-04-21 22:54:44,239 [INFO] Sent /fish
2025-04-21 22:54:48,286 [INFO] Sent /fish
2025-04-21 22:54:52,364 [INFO] Sent /fish
2025-04-21 22:54:56,668 [INFO] Sent /fish
2025-04-21 22:55:01,562 [INFO] Sent /fish
2025-04-21 22:55:05,834 [INFO] Sent /fish
2025-04-21 22:55:10,200 [INFO] Sent /fish
2025-04-21 22:55:14,579 [INFO] Sent /fish
2025-04-21 22:55:18,968 [INFO] Sent /fish
2025-04-21 22:55:23,489 [INFO] Sent /fish
2025-04-21 22:55:27,848 [INFO] Sent /fish
2025-04-21 22:55:32,253 [INFO] Sent /fish
2025-04-21 22:55:36,854 [INFO] Sent /fish
2025-04-21 22:55:41,185 [INFO] Sent /fish
2025-04-21 22:55:45,475 [INFO] Sent /fish
2025-04-21 22:55:49,827 [INFO] Sent /fish
2025-04-21 22:55:54,226 [INFO] Sent /fish
2025-04-21 22:55:58,510 [INFO] Sent /fish
2025-04-21 22:56:02,722 [INFO] Sent /fish
2025-04-21 22:56:07,015 [INFO] Sent /fish
2025-04-21 22:56:11,318 [INFO] Sent /fish
2025-04-21 22:56:15,571 [INFO] Sent /fish
2025-04-21 22:56:19,839 [INFO] Sent /fish
2025-04-21 22:56:24,168 [INFO] Sent /fish
2025-04-21 22:56:28,466 [INFO] Sent /fish
2025-04-21 22:56:32,673 [INFO] Sent /fish
2025-04-21 22:56:36,947 [INFO] Sent /fish
2025-04-21 22:56:41,207 [INFO] Sent /fish
2025-04-21 22:56:45,756 [INFO] Sent /fish
2025-04-21 22:56:50,037 [INFO] Sent /fish
2025-04-21 22:56:54,327 [INFO] Sent /fish
2025-04-21 22:56:58,996 [INFO] Sent /fish
2025-04-21 22:57:03,340 [INFO] Sent /fish
2025-04-21 22:57:07,680 [INFO] Sent /fish
2025-04-21 22:57:12,093 [INFO] Sent /fish
2025-04-21 22:57:16,521 [INFO] Sent /fish
2025-04-21 22:57:20,862 [INFO] Sent /fish
2025-04-21 22:57:25,126 [INFO] Sent /fish
2025-04-21 22:57:29,560 [INFO] Sent /fish
2025-04-21 22:57:33,950 [INFO] Sent /fish
2025-04-21 22:57:38,170 [INFO] Sent /fish
2025-04-21 22:57:42,387 [INFO] Sent /fish
2025-04-21 22:57:46,710 [INFO] Sent /fish
2025-04-21 22:57:51,283 [INFO] Sent /fish
2025-04-21 22:57:55,533 [INFO] Sent /fish
2025-04-21 22:57:59,774 [INFO] Sent /fish
2025-04-21 22:58:04,022 [INFO] Sent /fish
2025-04-21 22:58:08,277 [INFO] Sent /fish
2025-04-21 22:58:12,635 [INFO] Sent /fish
2025-04-21 22:58:16,949 [INFO] Sent /fish
2025-04-21 22:58:21,211 [INFO] Sent /fish
2025-04-21 22:58:25,505 [INFO] Sent /fish
2025-04-21 22:58:29,928 [INFO] Sent /fish
2025-04-21 22:58:34,175 [INFO] Sent /fish
2025-04-21 22:58:38,567 [INFO] Sent /fish
2025-04-21 22:58:42,934 [INFO] Sent /fish
2025-04-21 22:58:47,553 [INFO] Sent /fish
2025-04-21 22:58:51,826 [INFO] Sent /fish
2025-04-21 22:58:56,125 [INFO] Sent /fish
2025-04-21 22:59:00,380 [INFO] Sent /fish
2025-04-21 22:59:04,668 [INFO] Sent /fish
2025-04-21 22:59:09,056 [INFO] Sent /fish
2025-04-21 22:59:13,323 [INFO] Sent /fish
2025-04-21 22:59:17,634 [INFO] Sent /fish
2025-04-21 22:59:21,886 [INFO] Sent /fish
2025-04-21 22:59:26,236 [INFO] Sent /fish
2025-04-21 22:59:30,578 [INFO] Sent /fish
2025-04-21 22:59:34,917 [INFO] Sent /fish
2025-04-21 22:59:39,236 [INFO] Sent /fish
2025-04-21 22:59:43,429 [INFO] Sent /fish
2025-04-21 22:59:47,755 [INFO] Sent /fish
2025-04-21 22:59:52,086 [INFO] Sent /fish
2025-04-21 22:59:56,262 [INFO] Sent /fish
2025-04-21 23:00:01,136 [INFO] Sent /fish
2025-04-21 23:00:05,435 [INFO] Sent /fish
2025-04-21 23:00:09,721 [INFO] Sent /fish
2025-04-21 23:00:14,021 [INFO] Sent /fish
2025-04-21 23:00:18,312 [INFO] Sent /fish
2025-04-21 23:00:22,648 [INFO] Sent /fish
2025-04-21 23:00:26,915 [INFO] Sent /fish
2025-04-21 23:00:31,169 [INFO] Sent /fish
2025-04-21 23:00:35,547 [INFO] Sent /fish
2025-04-21 23:00:39,763 [INFO] Sent /fish
2025-04-21 23:00:44,241 [INFO] Sent /fish
2025-04-21 23:00:48,537 [INFO] Sent /fish
2025-04-21 23:00:52,883 [INFO] Sent /fish
2025-04-21 23:00:57,104 [INFO] Sent /fish
2025-04-21 23:01:01,307 [INFO] Sent /fish
2025-04-21 23:01:05,643 [INFO] Sent /fish
2025-04-21 23:01:09,866 [INFO] Sent /fish
2025-04-21 23:01:14,545 [INFO] Sent /fish
2025-04-21 23:01:18,756 [INFO] Sent /fish
2025-04-21 23:01:23,020 [INFO] Sent /fish
2025-04-21 23:01:27,474 [INFO] Sent /fish
2025-04-21 23:01:31,935 [INFO] Sent /fish
2025-04-21 23:01:36,617 [INFO] Sent /fish
2025-04-21 23:01:40,856 [INFO] Sent /fish
2025-04-21 23:01:45,145 [INFO] Sent /fish
2025-04-21 23:01:49,463 [INFO] Sent /fish
2025-04-21 23:01:53,775 [INFO] Sent /fish
2025-04-21 23:01:57,972 [INFO] Sent /fish
2025-04-21 23:02:02,591 [INFO] Sent /fish
2025-04-21 23:02:06,785 [INFO] Sent /fish
2025-04-21 23:02:10,955 [INFO] Sent /fish
2025-04-21 23:02:15,318 [INFO] Sent /fish
2025-04-21 23:02:19,650 [INFO] Sent /fish
2025-04-21 23:02:24,030 [INFO] Sent /fish
2025-04-21 23:02:28,263 [INFO] Sent /fish
2025-04-21 23:02:32,525 [INFO] Sent /fish
2025-04-21 23:02:36,850 [INFO] Sent /fish
2025-04-21 23:02:41,128 [INFO] Sent /fish
2025-04-21 23:02:45,506 [INFO] Sent /fish
2025-04-21 23:02:49,830 [INFO] Sent /fish
2025-04-21 23:02:54,083 [INFO] Sent /fish
2025-04-21 23:02:58,485 [INFO] Sent /fish
2025-04-21 23:03:02,844 [INFO] Sent /fish
2025-04-21 23:03:07,142 [INFO] Sent /fish
2025-04-21 23:03:11,472 [INFO] Sent /fish
2025-04-21 23:03:15,687 [INFO] Sent /fish
2025-04-21 23:03:19,833 [INFO] Sent /fish
2025-04-21 23:03:24,526 [INFO] Sent /fish
2025-04-21 23:03:28,825 [INFO] Sent /fish
2025-04-21 23:03:33,122 [INFO] Sent /fish
2025-04-21 23:03:37,353 [INFO] Sent /fish
2025-04-21 23:03:41,609 [INFO] Sent /fish
2025-04-21 23:03:45,903 [INFO] Sent /fish
2025-04-21 23:03:50,094 [INFO] Sent /fish
2025-04-21 23:03:54,281 [INFO] Sent /fish
2025-04-21 23:03:58,480 [INFO] Sent /fish
2025-04-21 23:04:02,849 [INFO] Sent /fish
2025-04-21 23:04:06,973 [INFO] Sent /fish
2025-04-21 23:04:11,175 [INFO] Sent /fish
2025-04-21 23:04:15,442 [INFO] Sent /fish
2025-04-21 23:04:19,557 [INFO] Sent /fish
2025-04-21 23:04:23,747 [INFO] Sent /fish
2025-04-21 23:04:28,026 [INFO] Sent /fish
2025-04-21 23:04:32,231 [INFO] Sent /fish
2025-04-21 23:04:36,874 [INFO] Sent /fish
2025-04-21 23:04:41,111 [INFO] Sent /fish
2025-04-21 23:04:45,366 [INFO] Sent /fish
2025-04-21 23:04:50,166 [INFO] Sent /fish
2025-04-21 23:04:55,906 [INFO] Sent /fish
2025-04-21 23:05:00,421 [INFO] Sent /fish
2025-04-21 23:05:04,955 [INFO] Sent /fish
2025-04-21 23:05:09,101 [INFO] Sent /fish
2025-04-21 23:05:11,639 [INFO] Paused the fishing loop.
2025-04-21 23:05:12,353 [INFO] Bot is paused. Waiting... Press Ctrl+Alt+P to resume.
2025-04-21 23:25:47,921 [INFO] Launching AutoVirtualFisher...
2025-04-21 23:25:50,812 [INFO] Waiting for manual login...
2025-04-21 23:26:03,174 [INFO] Looking for message input box...
2025-04-21 23:26:03,216 [INFO] Found message input box!
2025-04-21 23:26:03,361 [INFO] Press CTRL+ALT+P at any time to pause/resume the loop.
2025-04-21 23:26:03,361 [INFO] Starting fishing loop.
2025-04-21 23:26:03,461 [WARNING] \u26a0\ufe0f Captcha detected! Attempting solve...
2025-04-21 23:26:06,460 [INFO] Captcha solved: command
2025-04-21 23:26:06,626 [INFO] Paused the fishing loop.
2025-04-21 23:26:11,625 [INFO] Bot is paused. Waiting... Press Ctrl+Alt+P to resume.
